<?xml version="1.0" encoding="UTF-8"?>
<testsuite name="org.apache.commons.beanutils.converters.DoubleConverterTestCase" time="0.197" tests="19" errors="0" skipped="0" failures="0">
  <properties>
[...]
</properties>
  <testcase name="testSimpleConversion" classname="org.apache.commons.beanutils.converters.DoubleConverterTestCase" time="0.065"/>
  <testcase name="testStringArrayToInteger" classname="org.apache.commons.beanutils.converters.DoubleConverterTestCase" time="0.001"/>
  <testcase name="testConvertNumber" classname="org.apache.commons.beanutils.converters.DoubleConverterTestCase" time="0.003"/>
  <testcase name="testNumberToStringPattern" classname="org.apache.commons.beanutils.converters.DoubleConverterTestCase" time="0.021"/>
  <testcase name="testNumberToStringLocale" classname="org.apache.commons.beanutils.converters.DoubleConverterTestCase" time="0.001"/>
  <testcase name="testInvalidType" classname="org.apache.commons.beanutils.converters.DoubleConverterTestCase" time="0.005"/>
  <testcase name="testDateToNumber" classname="org.apache.commons.beanutils.converters.DoubleConverterTestCase" time="0.091"/>
  <testcase name="testConvertNull" classname="org.apache.commons.beanutils.converters.DoubleConverterTestCase" time="0"/>
  <testcase name="testStringToNumberPattern" classname="org.apache.commons.beanutils.converters.DoubleConverterTestCase" time="0.003"/>
  <testcase name="testBooleanToNumberDefault" classname="org.apache.commons.beanutils.converters.DoubleConverterTestCase" time="0"/>
  <testcase name="testStringToNumberDefaultType" classname="org.apache.commons.beanutils.converters.DoubleConverterTestCase" time="0"/>
  <testcase name="testStringToNumberLocale" classname="org.apache.commons.beanutils.converters.DoubleConverterTestCase" time="0.001"/>
  <testcase name="testInvalidException" classname="org.apache.commons.beanutils.converters.DoubleConverterTestCase" time="0"/>
  <testcase name="testCalendarToNumber" classname="org.apache.commons.beanutils.converters.DoubleConverterTestCase" time="0.004"/>
  <testcase name="testStringToNumberDefault" classname="org.apache.commons.beanutils.converters.DoubleConverterTestCase" time="0"/>
  <testcase name="testInvalidTypeWithDefault" classname="org.apache.commons.beanutils.converters.DoubleConverterTestCase" time="0.001"/>
  <testcase name="testOtherToStringDefault" classname="org.apache.commons.beanutils.converters.DoubleConverterTestCase" time="0"/>
  <testcase name="testNumberToStringDefault" classname="org.apache.commons.beanutils.converters.DoubleConverterTestCase" time="0"/>
  <testcase name="testInvalidDefault" classname="org.apache.commons.beanutils.converters.DoubleConverterTestCase" time="0.001"/>
</testsuite>