<?xml version="1.0" encoding="UTF-8"?>
<testsuite name="org.apache.commons.beanutils.DynaPropertyUtilsTestCase" time="0.328" tests="55" errors="0" skipped="0" failures="0">
  <properties>
[...]
</properties>
  <testcase name="testDescribe" classname="org.apache.commons.beanutils.DynaPropertyUtilsTestCase" time="0.228"/>
  <testcase name="testGetSimpleInt" classname="org.apache.commons.beanutils.DynaPropertyUtilsTestCase" time="0"/>
  <testcase name="testSetNestedInt" classname="org.apache.commons.beanutils.DynaPropertyUtilsTestCase" time="0.045"/>
  <testcase name="testGetNestedInt" classname="org.apache.commons.beanutils.DynaPropertyUtilsTestCase" time="0"/>
  <testcase name="testSetSimpleInt" classname="org.apache.commons.beanutils.DynaPropertyUtilsTestCase" time="0.001"/>
  <testcase name="testGetSimpleDouble" classname="org.apache.commons.beanutils.DynaPropertyUtilsTestCase" time="0"/>
  <testcase name="testGetSimpleArguments" classname="org.apache.commons.beanutils.DynaPropertyUtilsTestCase" time="0.001"/>
  <testcase name="testSetMappedValues" classname="org.apache.commons.beanutils.DynaPropertyUtilsTestCase" time="0.001"/>
  <testcase name="testSetNestedLong" classname="org.apache.commons.beanutils.DynaPropertyUtilsTestCase" time="0"/>
  <testcase name="testGetSimpleString" classname="org.apache.commons.beanutils.DynaPropertyUtilsTestCase" time="0"/>
  <testcase name="testSetSimpleBoolean" classname="org.apache.commons.beanutils.DynaPropertyUtilsTestCase" time="0"/>
  <testcase name="testSetSimpleDouble" classname="org.apache.commons.beanutils.DynaPropertyUtilsTestCase" time="0"/>
  <testcase name="testGetSimpleBoolean" classname="org.apache.commons.beanutils.DynaPropertyUtilsTestCase" time="0.001"/>
  <testcase name="testSetSimpleShort" classname="org.apache.commons.beanutils.DynaPropertyUtilsTestCase" time="0.003"/>
  <testcase name="testSetSimpleArguments" classname="org.apache.commons.beanutils.DynaPropertyUtilsTestCase" time="0.001"/>
  <testcase name="testSetNestedUnknown" classname="org.apache.commons.beanutils.DynaPropertyUtilsTestCase" time="0.018"/>
  <testcase name="testSetSimpleFloat" classname="org.apache.commons.beanutils.DynaPropertyUtilsTestCase" time="0"/>
  <testcase name="testSetSimpleNested" classname="org.apache.commons.beanutils.DynaPropertyUtilsTestCase" time="0"/>
  <testcase name="testGetSimpleNested" classname="org.apache.commons.beanutils.DynaPropertyUtilsTestCase" time="0"/>
  <testcase name="testSetNestedFloat" classname="org.apache.commons.beanutils.DynaPropertyUtilsTestCase" time="0"/>
  <testcase name="testGetNestedString" classname="org.apache.commons.beanutils.DynaPropertyUtilsTestCase" time="0.001"/>
  <testcase name="testSetSimpleIndexed" classname="org.apache.commons.beanutils.DynaPropertyUtilsTestCase" time="0.002"/>
  <testcase name="testSetMappedArguments" classname="org.apache.commons.beanutils.DynaPropertyUtilsTestCase" time="0.001"/>
  <testcase name="testSetNestedBoolean" classname="org.apache.commons.beanutils.DynaPropertyUtilsTestCase" time="0"/>
  <testcase name="testGetNestedUnknown" classname="org.apache.commons.beanutils.DynaPropertyUtilsTestCase" time="0.002"/>
  <testcase name="testGetSimpleFloat" classname="org.apache.commons.beanutils.DynaPropertyUtilsTestCase" time="0.003"/>
  <testcase name="testSetSimpleUnknown" classname="org.apache.commons.beanutils.DynaPropertyUtilsTestCase" time="0.001"/>
  <testcase name="testSetNestedArguments" classname="org.apache.commons.beanutils.DynaPropertyUtilsTestCase" time="0"/>
  <testcase name="testGetSimpleShort" classname="org.apache.commons.beanutils.DynaPropertyUtilsTestCase" time="0.001"/>
  <testcase name="testGetSimpleIndexed" classname="org.apache.commons.beanutils.DynaPropertyUtilsTestCase" time="0.001"/>
  <testcase name="testSetIndexedArguments" classname="org.apache.commons.beanutils.DynaPropertyUtilsTestCase" time="0.002"/>
  <testcase name="testSetSimpleString" classname="org.apache.commons.beanutils.DynaPropertyUtilsTestCase" time="0"/>
  <testcase name="testSetNestedReadOnly" classname="org.apache.commons.beanutils.DynaPropertyUtilsTestCase" time="0"/>
  <testcase name="testSetNestedWriteOnly" classname="org.apache.commons.beanutils.DynaPropertyUtilsTestCase" time="0"/>
  <testcase name="testSetIndexedValues" classname="org.apache.commons.beanutils.DynaPropertyUtilsTestCase" time="0.002"/>
  <testcase name="testSetNestedDouble" classname="org.apache.commons.beanutils.DynaPropertyUtilsTestCase" time="0.001"/>
  <testcase name="testSetNestedShort" classname="org.apache.commons.beanutils.DynaPropertyUtilsTestCase" time="0.001"/>
  <testcase name="testGetSimpleLong" classname="org.apache.commons.beanutils.DynaPropertyUtilsTestCase" time="0.001"/>
  <testcase name="testSetNestedString" classname="org.apache.commons.beanutils.DynaPropertyUtilsTestCase" time="0"/>
  <testcase name="testSetSimpleLong" classname="org.apache.commons.beanutils.DynaPropertyUtilsTestCase" time="0"/>
  <testcase name="testGetSimpleUnknown" classname="org.apache.commons.beanutils.DynaPropertyUtilsTestCase" time="0.001"/>
  <testcase name="testGetNestedArguments" classname="org.apache.commons.beanutils.DynaPropertyUtilsTestCase" time="0"/>
  <testcase name="testGetNestedDouble" classname="org.apache.commons.beanutils.DynaPropertyUtilsTestCase" time="0"/>
  <testcase name="testGetMappedArguments" classname="org.apache.commons.beanutils.DynaPropertyUtilsTestCase" time="0"/>
  <testcase name="testGetNestedFloat" classname="org.apache.commons.beanutils.DynaPropertyUtilsTestCase" time="0.001"/>
  <testcase name="testGetNestedLong" classname="org.apache.commons.beanutils.DynaPropertyUtilsTestCase" time="0"/>
  <testcase name="testGetNestedReadOnly" classname="org.apache.commons.beanutils.DynaPropertyUtilsTestCase" time="0.001"/>
  <testcase name="testGetNestedShort" classname="org.apache.commons.beanutils.DynaPropertyUtilsTestCase" time="0"/>
  <testcase name="testCopyPropertiesMap" classname="org.apache.commons.beanutils.DynaPropertyUtilsTestCase" time="0.002"/>
  <testcase name="testGetIndexedValues" classname="org.apache.commons.beanutils.DynaPropertyUtilsTestCase" time="0.003"/>
  <testcase name="testGetMappedPeriods" classname="org.apache.commons.beanutils.DynaPropertyUtilsTestCase" time="0.001"/>
  <testcase name="testGetMappedValues" classname="org.apache.commons.beanutils.DynaPropertyUtilsTestCase" time="0"/>
  <testcase name="testGetNestedBoolean" classname="org.apache.commons.beanutils.DynaPropertyUtilsTestCase" time="0"/>
  <testcase name="testGetIndexedArguments" classname="org.apache.commons.beanutils.DynaPropertyUtilsTestCase" time="0.001"/>
  <testcase name="testGetMappedSlashes" classname="org.apache.commons.beanutils.DynaPropertyUtilsTestCase" time="0"/>
</testsuite>