<?xml version="1.0" encoding="UTF-8"?>
<testsuite name="org.apache.commons.beanutils.BeanMapTestCase" time="0.468" tests="132" errors="0" skipped="0" failures="0">
  <properties>
[...]
</properties>
  <testcase name="testGetTypeTransformerMethod" classname="org.apache.commons.beanutils.BeanMapTestCase" time="0.031"/>
  <testcase name="testBeanMapPutAllWriteable" classname="org.apache.commons.beanutils.BeanMapTestCase" time="0.025"/>
  <testcase name="testMethodAccessor" classname="org.apache.commons.beanutils.BeanMapTestCase" time="0"/>
  <testcase name="testMethodMutator" classname="org.apache.commons.beanutils.BeanMapTestCase" time="0"/>
  <testcase name="testMapPut" classname="org.apache.commons.beanutils.BeanMapTestCase" time="0.001"/>
  <testcase name="testMapClear" classname="org.apache.commons.beanutils.BeanMapTestCase" time="0"/>
  <testcase name="testBeanMapClone" classname="org.apache.commons.beanutils.BeanMapTestCase" time="0.002"/>
  <testcase name="testDefaultTransformersMap" classname="org.apache.commons.beanutils.BeanMapTestCase" time="0.001"/>
  <testcase name="testExceptionThrowFromClone" classname="org.apache.commons.beanutils.BeanMapTestCase" time="0.262"/>
  <testcase name="testGetDefaultTransformersMap" classname="org.apache.commons.beanutils.BeanMapTestCase" time="0"/>
  <testcase name="testExceptionThrowFromPut" classname="org.apache.commons.beanutils.BeanMapTestCase" time="0.008"/>
  <testcase name="testExceptionThrowFromClear" classname="org.apache.commons.beanutils.BeanMapTestCase" time="0.003"/>
  <testcase name="testSampleMappings" classname="org.apache.commons.beanutils.BeanMapTestCase" time="0"/>
  <testcase name="testMapContainsKey" classname="org.apache.commons.beanutils.BeanMapTestCase" time="0.024"/>
  <testcase name="testMapContainsValue" classname="org.apache.commons.beanutils.BeanMapTestCase" time="0.004"/>
  <testcase name="testFullMapCompatibility" classname="org.apache.commons.beanutils.BeanMapTestCase" time="0"/>
  <testcase name="testMapPutNullValue" classname="org.apache.commons.beanutils.BeanMapTestCase" time="0"/>
  <testcase name="testKeySetClearChangesMap" classname="org.apache.commons.beanutils.BeanMapTestCase" time="0"/>
  <testcase name="testEntrySetClearChangesMap" classname="org.apache.commons.beanutils.BeanMapTestCase" time="0.002"/>
  <testcase name="testEntrySetContains1" classname="org.apache.commons.beanutils.BeanMapTestCase" time="0"/>
  <testcase name="testEmptyMapCompatibility" classname="org.apache.commons.beanutils.BeanMapTestCase" time="0"/>
  <testcase name="testEntrySetContains3" classname="org.apache.commons.beanutils.BeanMapTestCase" time="0"/>
  <testcase name="testEntrySetRemove2" classname="org.apache.commons.beanutils.BeanMapTestCase" time="0"/>
  <testcase name="testValuesClearChangesMap" classname="org.apache.commons.beanutils.BeanMapTestCase" time="0"/>
  <testcase name="testEntrySetContains2" classname="org.apache.commons.beanutils.BeanMapTestCase" time="0"/>
  <testcase name="testEntrySetRemove1" classname="org.apache.commons.beanutils.BeanMapTestCase" time="0"/>
  <testcase name="testEntrySetRemove3" classname="org.apache.commons.beanutils.BeanMapTestCase" time="0"/>
  <testcase name="testValuesRemoveChangesMap" classname="org.apache.commons.beanutils.BeanMapTestCase" time="0"/>
  <testcase name="testMapPutNullKey" classname="org.apache.commons.beanutils.BeanMapTestCase" time="0"/>
  <testcase name="testKeySetRemoveChangesMap" classname="org.apache.commons.beanutils.BeanMapTestCase" time="0"/>
  <testcase name="testMapEntrySetIteratorEntry" classname="org.apache.commons.collections.map.AbstractTestMap$TestMapEntrySet" time="0.001"/>
  <testcase name="testMapEntrySetRemoveNonMapEntry" classname="org.apache.commons.collections.map.AbstractTestMap$TestMapEntrySet" time="0"/>
  <testcase name="testMapEntrySetIteratorEntrySetValue" classname="org.apache.commons.collections.map.AbstractTestMap$TestMapEntrySet" time="0.009"/>
  <testcase name="testSetHashCode" classname="org.apache.commons.collections.map.AbstractTestMap$TestMapEntrySet" time="0.001"/>
  <testcase name="testSetEquals" classname="org.apache.commons.collections.map.AbstractTestMap$TestMapEntrySet" time="0.004"/>
  <testcase name="testUnsupportedAdd" classname="org.apache.commons.collections.map.AbstractTestMap$TestMapEntrySet" time="0.008"/>
  <testcase name="testCollectionAdd" classname="org.apache.commons.collections.map.AbstractTestMap$TestMapEntrySet" time="0"/>
  <testcase name="testCollectionAddAll" classname="org.apache.commons.collections.map.AbstractTestMap$TestMapEntrySet" time="0"/>
  <testcase name="testCollectionClear" classname="org.apache.commons.collections.map.AbstractTestMap$TestMapEntrySet" time="0.001"/>
  <testcase name="testCollectionContainsAll" classname="org.apache.commons.collections.map.AbstractTestMap$TestMapEntrySet" time="0.012"/>
  <testcase name="testCollectionIsEmpty" classname="org.apache.commons.collections.map.AbstractTestMap$TestMapEntrySet" time="0"/>
  <testcase name="testCollectionIterator" classname="org.apache.commons.collections.map.AbstractTestMap$TestMapEntrySet" time="0.003"/>
  <testcase name="testCollectionContains" classname="org.apache.commons.collections.map.AbstractTestMap$TestMapEntrySet" time="0.003"/>
  <testcase name="testSerializeDeserializeThenCompare" classname="org.apache.commons.collections.map.AbstractTestMap$TestMapEntrySet" time="0.001"/>
  <testcase name="testCollectionIteratorRemove" classname="org.apache.commons.collections.map.AbstractTestMap$TestMapEntrySet" time="0"/>
  <testcase name="testCollectionIteratorFailFast" classname="org.apache.commons.collections.map.AbstractTestMap$TestMapEntrySet" time="0"/>
  <testcase name="testCollectionToArray" classname="org.apache.commons.collections.map.AbstractTestMap$TestMapEntrySet" time="0.001"/>
  <testcase name="testCollectionRetainAll" classname="org.apache.commons.collections.map.AbstractTestMap$TestMapEntrySet" time="0"/>
  <testcase name="testCollectionToString" classname="org.apache.commons.collections.map.AbstractTestMap$TestMapEntrySet" time="0"/>
  <testcase name="testCollectionSize" classname="org.apache.commons.collections.map.AbstractTestMap$TestMapEntrySet" time="0.001"/>
  <testcase name="testUnsupportedRemove" classname="org.apache.commons.collections.map.AbstractTestMap$TestMapEntrySet" time="0.002"/>
  <testcase name="testCollectionToArray2" classname="org.apache.commons.collections.map.AbstractTestMap$TestMapEntrySet" time="0.004"/>
  <testcase name="testCollectionRemoveAll" classname="org.apache.commons.collections.map.AbstractTestMap$TestMapEntrySet" time="0"/>
  <testcase name="testCollectionRemove" classname="org.apache.commons.collections.map.AbstractTestMap$TestMapEntrySet" time="0"/>
  <testcase name="testEqualsNull" classname="org.apache.commons.collections.map.AbstractTestMap$TestMapEntrySet" time="0"/>
  <testcase name="testCanonicalFullCollectionExists" classname="org.apache.commons.collections.map.AbstractTestMap$TestMapEntrySet" time="0"/>
  <testcase name="testObjectHashCodeEqualsSelfHashCode" classname="org.apache.commons.collections.map.AbstractTestMap$TestMapEntrySet" time="0"/>
  <testcase name="testCanonicalEmptyCollectionExists" classname="org.apache.commons.collections.map.AbstractTestMap$TestMapEntrySet" time="0"/>
  <testcase name="testObjectHashCodeEqualsContract" classname="org.apache.commons.collections.map.AbstractTestMap$TestMapEntrySet" time="0"/>
  <testcase name="testSimpleSerialization" classname="org.apache.commons.collections.map.AbstractTestMap$TestMapEntrySet" time="0.016"/>
  <testcase name="testObjectEqualsSelf" classname="org.apache.commons.collections.map.AbstractTestMap$TestMapEntrySet" time="0"/>
  <testcase name="testSetHashCode" classname="org.apache.commons.collections.map.AbstractTestMap$TestMapKeySet" time="0"/>
  <testcase name="testSetEquals" classname="org.apache.commons.collections.map.AbstractTestMap$TestMapKeySet" time="0"/>
  <testcase name="testUnsupportedAdd" classname="org.apache.commons.collections.map.AbstractTestMap$TestMapKeySet" time="0"/>
  <testcase name="testCollectionAdd" classname="org.apache.commons.collections.map.AbstractTestMap$TestMapKeySet" time="0"/>
  <testcase name="testCollectionAddAll" classname="org.apache.commons.collections.map.AbstractTestMap$TestMapKeySet" time="0"/>
  <testcase name="testCollectionClear" classname="org.apache.commons.collections.map.AbstractTestMap$TestMapKeySet" time="0"/>
  <testcase name="testCollectionContainsAll" classname="org.apache.commons.collections.map.AbstractTestMap$TestMapKeySet" time="0.001"/>
  <testcase name="testCollectionIsEmpty" classname="org.apache.commons.collections.map.AbstractTestMap$TestMapKeySet" time="0.003"/>
  <testcase name="testCollectionIterator" classname="org.apache.commons.collections.map.AbstractTestMap$TestMapKeySet" time="0.001"/>
  <testcase name="testCollectionContains" classname="org.apache.commons.collections.map.AbstractTestMap$TestMapKeySet" time="0.002"/>
  <testcase name="testSerializeDeserializeThenCompare" classname="org.apache.commons.collections.map.AbstractTestMap$TestMapKeySet" time="0"/>
  <testcase name="testCollectionIteratorRemove" classname="org.apache.commons.collections.map.AbstractTestMap$TestMapKeySet" time="0"/>
  <testcase name="testCollectionIteratorFailFast" classname="org.apache.commons.collections.map.AbstractTestMap$TestMapKeySet" time="0"/>
  <testcase name="testCollectionToArray" classname="org.apache.commons.collections.map.AbstractTestMap$TestMapKeySet" time="0"/>
  <testcase name="testCollectionRetainAll" classname="org.apache.commons.collections.map.AbstractTestMap$TestMapKeySet" time="0"/>
  <testcase name="testCollectionToString" classname="org.apache.commons.collections.map.AbstractTestMap$TestMapKeySet" time="0"/>
  <testcase name="testCollectionSize" classname="org.apache.commons.collections.map.AbstractTestMap$TestMapKeySet" time="0"/>
  <testcase name="testUnsupportedRemove" classname="org.apache.commons.collections.map.AbstractTestMap$TestMapKeySet" time="0"/>
  <testcase name="testCollectionToArray2" classname="org.apache.commons.collections.map.AbstractTestMap$TestMapKeySet" time="0.004"/>
  <testcase name="testCollectionRemoveAll" classname="org.apache.commons.collections.map.AbstractTestMap$TestMapKeySet" time="0"/>
  <testcase name="testCollectionRemove" classname="org.apache.commons.collections.map.AbstractTestMap$TestMapKeySet" time="0"/>
  <testcase name="testEqualsNull" classname="org.apache.commons.collections.map.AbstractTestMap$TestMapKeySet" time="0"/>
  <testcase name="testCanonicalFullCollectionExists" classname="org.apache.commons.collections.map.AbstractTestMap$TestMapKeySet" time="0"/>
  <testcase name="testObjectHashCodeEqualsSelfHashCode" classname="org.apache.commons.collections.map.AbstractTestMap$TestMapKeySet" time="0"/>
  <testcase name="testCanonicalEmptyCollectionExists" classname="org.apache.commons.collections.map.AbstractTestMap$TestMapKeySet" time="0"/>
  <testcase name="testObjectHashCodeEqualsContract" classname="org.apache.commons.collections.map.AbstractTestMap$TestMapKeySet" time="0"/>
  <testcase name="testSimpleSerialization" classname="org.apache.commons.collections.map.AbstractTestMap$TestMapKeySet" time="0"/>
  <testcase name="testObjectEqualsSelf" classname="org.apache.commons.collections.map.AbstractTestMap$TestMapKeySet" time="0"/>
  <testcase name="testUnsupportedAdd" classname="org.apache.commons.collections.map.AbstractTestMap$TestMapValues" time="0.002"/>
  <testcase name="testCollectionAdd" classname="org.apache.commons.collections.map.AbstractTestMap$TestMapValues" time="0"/>
  <testcase name="testCollectionAddAll" classname="org.apache.commons.collections.map.AbstractTestMap$TestMapValues" time="0"/>
  <testcase name="testCollectionClear" classname="org.apache.commons.collections.map.AbstractTestMap$TestMapValues" time="0"/>
  <testcase name="testCollectionContainsAll" classname="org.apache.commons.collections.map.AbstractTestMap$TestMapValues" time="0.005"/>
  <testcase name="testCollectionIsEmpty" classname="org.apache.commons.collections.map.AbstractTestMap$TestMapValues" time="0"/>
  <testcase name="testCollectionIterator" classname="org.apache.commons.collections.map.AbstractTestMap$TestMapValues" time="0.001"/>
  <testcase name="testCollectionContains" classname="org.apache.commons.collections.map.AbstractTestMap$TestMapValues" time="0"/>
  <testcase name="testSerializeDeserializeThenCompare" classname="org.apache.commons.collections.map.AbstractTestMap$TestMapValues" time="0.002"/>
  <testcase name="testCollectionIteratorRemove" classname="org.apache.commons.collections.map.AbstractTestMap$TestMapValues" time="0"/>
  <testcase name="testCollectionIteratorFailFast" classname="org.apache.commons.collections.map.AbstractTestMap$TestMapValues" time="0"/>
  <testcase name="testCollectionToArray" classname="org.apache.commons.collections.map.AbstractTestMap$TestMapValues" time="0"/>
  <testcase name="testCollectionRetainAll" classname="org.apache.commons.collections.map.AbstractTestMap$TestMapValues" time="0"/>
  <testcase name="testCollectionToString" classname="org.apache.commons.collections.map.AbstractTestMap$TestMapValues" time="0"/>
  <testcase name="testCollectionSize" classname="org.apache.commons.collections.map.AbstractTestMap$TestMapValues" time="0"/>
  <testcase name="testUnsupportedRemove" classname="org.apache.commons.collections.map.AbstractTestMap$TestMapValues" time="0.001"/>
  <testcase name="testCollectionToArray2" classname="org.apache.commons.collections.map.AbstractTestMap$TestMapValues" time="0.002"/>
  <testcase name="testCollectionRemoveAll" classname="org.apache.commons.collections.map.AbstractTestMap$TestMapValues" time="0"/>
  <testcase name="testCollectionRemove" classname="org.apache.commons.collections.map.AbstractTestMap$TestMapValues" time="0"/>
  <testcase name="testEqualsNull" classname="org.apache.commons.collections.map.AbstractTestMap$TestMapValues" time="0"/>
  <testcase name="testCanonicalFullCollectionExists" classname="org.apache.commons.collections.map.AbstractTestMap$TestMapValues" time="0"/>
  <testcase name="testObjectHashCodeEqualsSelfHashCode" classname="org.apache.commons.collections.map.AbstractTestMap$TestMapValues" time="0"/>
  <testcase name="testCanonicalEmptyCollectionExists" classname="org.apache.commons.collections.map.AbstractTestMap$TestMapValues" time="0"/>
  <testcase name="testObjectHashCodeEqualsContract" classname="org.apache.commons.collections.map.AbstractTestMap$TestMapValues" time="0.001"/>
  <testcase name="testSimpleSerialization" classname="org.apache.commons.collections.map.AbstractTestMap$TestMapValues" time="0"/>
  <testcase name="testObjectEqualsSelf" classname="org.apache.commons.collections.map.AbstractTestMap$TestMapValues" time="0"/>
  <testcase name="testMapGet" classname="org.apache.commons.beanutils.BeanMapTestCase" time="0.001"/>
  <testcase name="testMapHashCode" classname="org.apache.commons.beanutils.BeanMapTestCase" time="0"/>
  <testcase name="testMapRemove" classname="org.apache.commons.beanutils.BeanMapTestCase" time="0"/>
  <testcase name="testMapEquals" classname="org.apache.commons.beanutils.BeanMapTestCase" time="0.005"/>
  <testcase name="testMapPutAll" classname="org.apache.commons.beanutils.BeanMapTestCase" time="0"/>
  <testcase name="testMapIsEmpty" classname="org.apache.commons.beanutils.BeanMapTestCase" time="0"/>
  <testcase name="testMakeMap" classname="org.apache.commons.beanutils.BeanMapTestCase" time="0"/>
  <testcase name="testMapSize" classname="org.apache.commons.beanutils.BeanMapTestCase" time="0"/>
  <testcase name="testMapToString" classname="org.apache.commons.beanutils.BeanMapTestCase" time="0.002"/>
  <testcase name="testEqualsNull" classname="org.apache.commons.beanutils.BeanMapTestCase" time="0"/>
  <testcase name="testCanonicalFullCollectionExists" classname="org.apache.commons.beanutils.BeanMapTestCase" time="0"/>
  <testcase name="testSerializeDeserializeThenCompare" classname="org.apache.commons.beanutils.BeanMapTestCase" time="0"/>
  <testcase name="testObjectHashCodeEqualsSelfHashCode" classname="org.apache.commons.beanutils.BeanMapTestCase" time="0"/>
  <testcase name="testCanonicalEmptyCollectionExists" classname="org.apache.commons.beanutils.BeanMapTestCase" time="0.005"/>
  <testcase name="testObjectHashCodeEqualsContract" classname="org.apache.commons.beanutils.BeanMapTestCase" time="0"/>
  <testcase name="testSimpleSerialization" classname="org.apache.commons.beanutils.BeanMapTestCase" time="0"/>
  <testcase name="testObjectEqualsSelf" classname="org.apache.commons.beanutils.BeanMapTestCase" time="0"/>
</testsuite>